2015-11-06 02:22:12 Error: [Cake\View\Exception\MissingTemplateException] Template file "Articles\view.ctp" is missing.
Exception Attributes: array (
  'file' => 'Articles\\view.ctp',
)
Request URL: /cakephp/articles/view/1
Stack Trace:
#0 C:\wamp\www\cakephp\vendor\cakephp\cakephp\src\View\View.php(575): Cake\View\View->_getViewFileName(NULL)
#1 C:\wamp\www\cakephp\vendor\cakephp\cakephp\src\Controller\Controller.php(611): Cake\View\View->render(NULL, NULL)
#2 C:\wamp\www\cakephp\vendor\cakephp\cakephp\src\Routing\Dispatcher.php(120): Cake\Controller\Controller->render()
#3 C:\wamp\www\cakephp\vendor\cakephp\cakephp\src\Routing\Dispatcher.php(87): Cake\Routing\Dispatcher->_invoke(Object(App\Controller\ArticlesController))
#4 C:\wamp\www\cakephp\webroot\index.php(37): Cake\Routing\Dispatcher->dispatch(Object(Cake\Network\Request), Object(Cake\Network\Response))
#5 {main}


2015-11-06 02:24:47 Error: [Cake\View\Exception\MissingTemplateException] Template file "Articles\view.ctp" is missing.
Exception Attributes: array (
  'file' => 'Articles\\view.ctp',
)
Request URL: /cakephp/articles/view/1
Stack Trace:
#0 C:\wamp\www\cakephp\vendor\cakephp\cakephp\src\View\View.php(575): Cake\View\View->_getViewFileName(NULL)
#1 C:\wamp\www\cakephp\vendor\cakephp\cakephp\src\Controller\Controller.php(611): Cake\View\View->render(NULL, NULL)
#2 C:\wamp\www\cakephp\vendor\cakephp\cakephp\src\Routing\Dispatcher.php(120): Cake\Controller\Controller->render()
#3 C:\wamp\www\cakephp\vendor\cakephp\cakephp\src\Routing\Dispatcher.php(87): Cake\Routing\Dispatcher->_invoke(Object(App\Controller\ArticlesController))
#4 C:\wamp\www\cakephp\webroot\index.php(37): Cake\Routing\Dispatcher->dispatch(Object(Cake\Network\Request), Object(Cake\Network\Response))
#5 {main}


2015-11-06 02:24:58 Error: [Cake\View\Exception\MissingTemplateException] Template file "Articles\view.ctp" is missing.
Exception Attributes: array (
  'file' => 'Articles\\view.ctp',
)
Request URL: /cakephp/articles/view/2
Stack Trace:
#0 C:\wamp\www\cakephp\vendor\cakephp\cakephp\src\View\View.php(575): Cake\View\View->_getViewFileName(NULL)
#1 C:\wamp\www\cakephp\vendor\cakephp\cakephp\src\Controller\Controller.php(611): Cake\View\View->render(NULL, NULL)
#2 C:\wamp\www\cakephp\vendor\cakephp\cakephp\src\Routing\Dispatcher.php(120): Cake\Controller\Controller->render()
#3 C:\wamp\www\cakephp\vendor\cakephp\cakephp\src\Routing\Dispatcher.php(87): Cake\Routing\Dispatcher->_invoke(Object(App\Controller\ArticlesController))
#4 C:\wamp\www\cakephp\webroot\index.php(37): Cake\Routing\Dispatcher->dispatch(Object(Cake\Network\Request), Object(Cake\Network\Response))
#5 {main}


2015-11-06 02:42:30 Error: Fatal Error (1): Call to a member function format() on a non-object in [C:\wamp\www\cakephp\src\Template\Articles\index.ctp, line 20]
Trace:
Cake\Error\BaseErrorHandler::handleFatalError() - CORE\src\Error\BaseErrorHandler.php, line 191
Cake\Error\BaseErrorHandler::Cake\Error\{closure}() - CORE\src\Error\BaseErrorHandler.php, line 90
[main] - [internal], line ??



2015-11-06 02:42:31 Error: [Cake\Error\FatalErrorException] Call to a member function format() on a non-object
Request URL: /cakephp/
Stack Trace:
#0 C:\wamp\www\cakephp\vendor\cakephp\cakephp\src\Error\BaseErrorHandler.php(90): Cake\Error\BaseErrorHandler->handleFatalError(1, 'Call to a membe...', 'C:\\wamp\\www\\cak...', 20)
#1 [internal function]: Cake\Error\BaseErrorHandler->Cake\Error\{closure}()
#2 {main}


2015-11-06 02:42:56 Error: Fatal Error (1): Call to a member function format() on a non-object in [C:\wamp\www\cakephp\src\Template\Articles\index.ctp, line 20]
Trace:
Cake\Error\BaseErrorHandler::handleFatalError() - CORE\src\Error\BaseErrorHandler.php, line 191
Cake\Error\BaseErrorHandler::Cake\Error\{closure}() - CORE\src\Error\BaseErrorHandler.php, line 90
[main] - [internal], line ??



2015-11-06 02:43:18 Error: Fatal Error (1): Call to a member function format() on a non-object in [C:\wamp\www\cakephp\src\Template\Articles\index.ctp, line 20]
Trace:
Cake\Error\BaseErrorHandler::handleFatalError() - CORE\src\Error\BaseErrorHandler.php, line 191
Cake\Error\BaseErrorHandler::Cake\Error\{closure}() - CORE\src\Error\BaseErrorHandler.php, line 90
[main] - [internal], line ??



2015-11-06 02:43:18 Error: [Cake\Error\FatalErrorException] Call to a member function format() on a non-object
Request URL: /cakephp/articles/index
Stack Trace:
#0 C:\wamp\www\cakephp\vendor\cakephp\cakephp\src\Error\BaseErrorHandler.php(90): Cake\Error\BaseErrorHandler->handleFatalError(1, 'Call to a membe...', 'C:\\wamp\\www\\cak...', 20)
#1 [internal function]: Cake\Error\BaseErrorHandler->Cake\Error\{closure}()
#2 {main}


2015-11-06 02:43:45 Error: Fatal Error (1): Call to a member function format() on a non-object in [C:\wamp\www\cakephp\src\Template\Articles\index.ctp, line 20]
Trace:
Cake\Error\BaseErrorHandler::handleFatalError() - CORE\src\Error\BaseErrorHandler.php, line 191
Cake\Error\BaseErrorHandler::Cake\Error\{closure}() - CORE\src\Error\BaseErrorHandler.php, line 90
[main] - [internal], line ??



2015-11-06 02:43:46 Error: [Cake\Error\FatalErrorException] Call to a member function format() on a non-object
Request URL: /cakephp/articles/index
Stack Trace:
#0 C:\wamp\www\cakephp\vendor\cakephp\cakephp\src\Error\BaseErrorHandler.php(90): Cake\Error\BaseErrorHandler->handleFatalError(1, 'Call to a membe...', 'C:\\wamp\\www\\cak...', 20)
#1 [internal function]: Cake\Error\BaseErrorHandler->Cake\Error\{closure}()
#2 {main}


2015-11-06 02:44:02 Error: [Cake\Routing\Exception\MissingControllerException] Controller class Index could not be found.
Exception Attributes: array (
  'class' => 'Index',
  'plugin' => NULL,
  'prefix' => NULL,
  '_ext' => NULL,
)
Request URL: /cakephp/index
Stack Trace:
#0 C:\wamp\www\cakephp\webroot\index.php(37): Cake\Routing\Dispatcher->dispatch(Object(Cake\Network\Request), Object(Cake\Network\Response))
#1 {main}


2015-11-06 02:44:47 Error: Fatal Error (1): Call to a member function format() on a non-object in [C:\wamp\www\cakephp\src\Template\Articles\index.ctp, line 20]
Trace:
Cake\Error\BaseErrorHandler::handleFatalError() - CORE\src\Error\BaseErrorHandler.php, line 191
Cake\Error\BaseErrorHandler::Cake\Error\{closure}() - CORE\src\Error\BaseErrorHandler.php, line 90
[main] - [internal], line ??



2015-11-06 02:44:47 Error: [Cake\Error\FatalErrorException] Call to a member function format() on a non-object
Request URL: /cakephp/articles/index
Stack Trace:
#0 C:\wamp\www\cakephp\vendor\cakephp\cakephp\src\Error\BaseErrorHandler.php(90): Cake\Error\BaseErrorHandler->handleFatalError(1, 'Call to a membe...', 'C:\\wamp\\www\\cak...', 20)
#1 [internal function]: Cake\Error\BaseErrorHandler->Cake\Error\{closure}()
#2 {main}


2015-11-06 02:46:12 Error: [Cake\Datasource\Exception\InvalidPrimaryKeyException] Record not found in table "articles" with primary key [NULL]
Request URL: /cakephp/articles/view
Stack Trace:
#0 C:\wamp\www\cakephp\src\Controller\ArticlesController.php(36): Cake\ORM\Table->get(NULL, Array)
#1 [internal function]: App\Controller\ArticlesController->view()
#2 C:\wamp\www\cakephp\vendor\cakephp\cakephp\src\Controller\Controller.php(429): call_user_func_array(Array, Array)
#3 C:\wamp\www\cakephp\vendor\cakephp\cakephp\src\Routing\Dispatcher.php(114): Cake\Controller\Controller->invokeAction()
#4 C:\wamp\www\cakephp\vendor\cakephp\cakephp\src\Routing\Dispatcher.php(87): Cake\Routing\Dispatcher->_invoke(Object(App\Controller\ArticlesController))
#5 C:\wamp\www\cakephp\webroot\index.php(37): Cake\Routing\Dispatcher->dispatch(Object(Cake\Network\Request), Object(Cake\Network\Response))
#6 {main}


2015-11-06 02:46:20 Error: Fatal Error (1): Call to a member function format() on a non-object in [C:\wamp\www\cakephp\src\Template\Articles\index.ctp, line 20]
Trace:
Cake\Error\BaseErrorHandler::handleFatalError() - CORE\src\Error\BaseErrorHandler.php, line 191
Cake\Error\BaseErrorHandler::Cake\Error\{closure}() - CORE\src\Error\BaseErrorHandler.php, line 90
[main] - [internal], line ??



2015-11-06 02:46:23 Error: Fatal Error (1): Call to a member function format() on a non-object in [C:\wamp\www\cakephp\src\Template\Articles\index.ctp, line 20]
Trace:
Cake\Error\BaseErrorHandler::handleFatalError() - CORE\src\Error\BaseErrorHandler.php, line 191
Cake\Error\BaseErrorHandler::Cake\Error\{closure}() - CORE\src\Error\BaseErrorHandler.php, line 90
[main] - [internal], line ??



2015-11-06 02:46:23 Error: [Cake\Error\FatalErrorException] Call to a member function format() on a non-object
Request URL: /cakephp/articles/index
Stack Trace:
#0 C:\wamp\www\cakephp\vendor\cakephp\cakephp\src\Error\BaseErrorHandler.php(90): Cake\Error\BaseErrorHandler->handleFatalError(1, 'Call to a membe...', 'C:\\wamp\\www\\cak...', 20)
#1 [internal function]: Cake\Error\BaseErrorHandler->Cake\Error\{closure}()
#2 {main}


2015-11-06 02:47:57 Error: Fatal Error (1): Call to a member function format() on a non-object in [C:\wamp\www\cakephp\src\Template\Articles\index.ctp, line 20]
Trace:
Cake\Error\BaseErrorHandler::handleFatalError() - CORE\src\Error\BaseErrorHandler.php, line 191
Cake\Error\BaseErrorHandler::Cake\Error\{closure}() - CORE\src\Error\BaseErrorHandler.php, line 90
[main] - [internal], line ??



2015-11-06 02:48:00 Error: Fatal Error (1): Call to a member function format() on a non-object in [C:\wamp\www\cakephp\src\Template\Articles\index.ctp, line 20]
Trace:
Cake\Error\BaseErrorHandler::handleFatalError() - CORE\src\Error\BaseErrorHandler.php, line 191
Cake\Error\BaseErrorHandler::Cake\Error\{closure}() - CORE\src\Error\BaseErrorHandler.php, line 90
[main] - [internal], line ??



2015-11-06 02:48:00 Error: [Cake\Error\FatalErrorException] Call to a member function format() on a non-object
Request URL: /cakephp/articles/index
Stack Trace:
#0 C:\wamp\www\cakephp\vendor\cakephp\cakephp\src\Error\BaseErrorHandler.php(90): Cake\Error\BaseErrorHandler->handleFatalError(1, 'Call to a membe...', 'C:\\wamp\\www\\cak...', 20)
#1 [internal function]: Cake\Error\BaseErrorHandler->Cake\Error\{closure}()
#2 {main}


2015-11-06 02:54:22 Error: [Cake\Controller\Exception\MissingActionException] Action ArticlesController::index.ctp() could not be found, or is not accessible.
Exception Attributes: array (
  'controller' => 'ArticlesController',
  'action' => 'index.ctp',
  'prefix' => '',
  'plugin' => NULL,
)
Request URL: /cakephp/articles/index.ctp
Stack Trace:
#0 C:\wamp\www\cakephp\vendor\cakephp\cakephp\src\Routing\Dispatcher.php(114): Cake\Controller\Controller->invokeAction()
#1 C:\wamp\www\cakephp\vendor\cakephp\cakephp\src\Routing\Dispatcher.php(87): Cake\Routing\Dispatcher->_invoke(Object(App\Controller\ArticlesController))
#2 C:\wamp\www\cakephp\webroot\index.php(37): Cake\Routing\Dispatcher->dispatch(Object(Cake\Network\Request), Object(Cake\Network\Response))
#3 {main}


2015-11-06 02:54:37 Error: Fatal Error (1): Call to a member function format() on a non-object in [C:\wamp\www\cakephp\src\Template\Articles\index.ctp, line 20]
Trace:
Cake\Error\BaseErrorHandler::handleFatalError() - CORE\src\Error\BaseErrorHandler.php, line 191
Cake\Error\BaseErrorHandler::Cake\Error\{closure}() - CORE\src\Error\BaseErrorHandler.php, line 90
[main] - [internal], line ??



2015-11-06 02:54:39 Error: Fatal Error (1): Call to a member function format() on a non-object in [C:\wamp\www\cakephp\src\Template\Articles\index.ctp, line 20]
Trace:
Cake\Error\BaseErrorHandler::handleFatalError() - CORE\src\Error\BaseErrorHandler.php, line 191
Cake\Error\BaseErrorHandler::Cake\Error\{closure}() - CORE\src\Error\BaseErrorHandler.php, line 90
[main] - [internal], line ??



2015-11-06 02:54:40 Error: [Cake\Error\FatalErrorException] Call to a member function format() on a non-object
Request URL: /cakephp/articles/index
Stack Trace:
#0 C:\wamp\www\cakephp\vendor\cakephp\cakephp\src\Error\BaseErrorHandler.php(90): Cake\Error\BaseErrorHandler->handleFatalError(1, 'Call to a membe...', 'C:\\wamp\\www\\cak...', 20)
#1 [internal function]: Cake\Error\BaseErrorHandler->Cake\Error\{closure}()
#2 {main}


2015-11-06 02:55:44 Error: Fatal Error (1): Call to a member function format() on a non-object in [C:\wamp\www\cakephp\src\Template\Articles\index.ctp, line 18]
Trace:
Cake\Error\BaseErrorHandler::handleFatalError() - CORE\src\Error\BaseErrorHandler.php, line 191
Cake\Error\BaseErrorHandler::Cake\Error\{closure}() - CORE\src\Error\BaseErrorHandler.php, line 90
[main] - [internal], line ??



2015-11-06 02:55:45 Error: [Cake\Error\FatalErrorException] Call to a member function format() on a non-object
Request URL: /cakephp/articles/index
Stack Trace:
#0 C:\wamp\www\cakephp\vendor\cakephp\cakephp\src\Error\BaseErrorHandler.php(90): Cake\Error\BaseErrorHandler->handleFatalError(1, 'Call to a membe...', 'C:\\wamp\\www\\cak...', 18)
#1 [internal function]: Cake\Error\BaseErrorHandler->Cake\Error\{closure}()
#2 {main}


2015-11-06 04:11:28 Error: [Cake\Routing\Exception\MissingControllerException] Controller class Pizzeriacakephp could not be found.
Exception Attributes: array (
  'class' => 'Pizzeriacakephp',
  'plugin' => NULL,
  'prefix' => NULL,
  '_ext' => NULL,
)
Request URL: /pizzeriaCakePHP/pizzeriacakephp/
Stack Trace:
#0 C:\wamp\www\pizzeriaCakePHP\webroot\index.php(37): Cake\Routing\Dispatcher->dispatch(Object(Cake\Network\Request), Object(Cake\Network\Response))
#1 {main}


2015-11-06 04:37:07 Error: [Cake\Routing\Exception\MissingControllerException] Controller class Index could not be found.
Exception Attributes: array (
  'class' => 'Index',
  'plugin' => NULL,
  'prefix' => NULL,
  '_ext' => NULL,
)
Request URL: /pizzeria/index
Stack Trace:
#0 C:\wamp\www\pizzeria\webroot\index.php(37): Cake\Routing\Dispatcher->dispatch(Object(Cake\Network\Request), Object(Cake\Network\Response))
#1 {main}


2015-11-06 19:15:46 Error: [Cake\View\Exception\MissingTemplateException] Template file "Orders\add.ctp" is missing.
Exception Attributes: array (
  'file' => 'Orders\\add.ctp',
)
Request URL: /pizzeria/
Stack Trace:
#0 C:\wamp\www\pizzeria\vendor\cakephp\cakephp\src\View\View.php(575): Cake\View\View->_getViewFileName(NULL)
#1 C:\wamp\www\pizzeria\vendor\cakephp\cakephp\src\Controller\Controller.php(611): Cake\View\View->render(NULL, NULL)
#2 C:\wamp\www\pizzeria\vendor\cakephp\cakephp\src\Routing\Dispatcher.php(120): Cake\Controller\Controller->render()
#3 C:\wamp\www\pizzeria\vendor\cakephp\cakephp\src\Routing\Dispatcher.php(87): Cake\Routing\Dispatcher->_invoke(Object(App\Controller\OrdersController))
#4 C:\wamp\www\pizzeria\webroot\index.php(37): Cake\Routing\Dispatcher->dispatch(Object(Cake\Network\Request), Object(Cake\Network\Response))
#5 {main}


2015-11-06 19:42:46 Error: [PDOException] SQLSTATE[42S22]: Column not found: 1054 Champ 'Users.email' inconnu dans where clause
Request URL: /pizzeria/users/login
Stack Trace:
#0 C:\wamp\www\pizzeria\vendor\cakephp\cakephp\src\Database\Statement\MysqlStatement.php(36): PDOStatement->execute(NULL)
#1 C:\wamp\www\pizzeria\vendor\cakephp\cakephp\src\Database\Statement\StatementDecorator.php(171): Cake\Database\Statement\MysqlStatement->execute(NULL)
#2 C:\wamp\www\pizzeria\vendor\cakephp\cakephp\src\Database\Log\LoggingStatement.php(56): Cake\Database\Statement\StatementDecorator->execute(NULL)
#3 C:\wamp\www\pizzeria\vendor\cakephp\cakephp\src\Database\Connection.php(270): Cake\Database\Log\LoggingStatement->execute()
#4 C:\wamp\www\pizzeria\vendor\cakephp\cakephp\src\Database\Query.php(174): Cake\Database\Connection->run(Object(Cake\ORM\Query))
#5 C:\wamp\www\pizzeria\vendor\cakephp\cakephp\src\ORM\Query.php(847): Cake\Database\Query->execute()
#6 C:\wamp\www\pizzeria\vendor\cakephp\cakephp\src\Datasource\QueryTrait.php(272): Cake\ORM\Query->_execute()
#7 C:\wamp\www\pizzeria\vendor\cakephp\cakephp\src\ORM\Query.php(798): Cake\ORM\Query->_all()
#8 C:\wamp\www\pizzeria\vendor\cakephp\cakephp\src\Datasource\QueryTrait.php(395): Cake\ORM\Query->all()
#9 C:\wamp\www\pizzeria\vendor\cakephp\cakephp\src\Auth\BaseAuthenticate.php(105): Cake\ORM\Query->first()
#10 C:\wamp\www\pizzeria\vendor\cakephp\cakephp\src\Auth\FormAuthenticate.php(77): Cake\Auth\BaseAuthenticate->_findUser('admin@admin', '12345')
#11 C:\wamp\www\pizzeria\vendor\cakephp\cakephp\src\Controller\Component\AuthComponent.php(764): Cake\Auth\FormAuthenticate->authenticate(Object(Cake\Network\Request), Object(Cake\Network\Response))
#12 C:\wamp\www\pizzeria\src\Controller\UsersController.php(17): Cake\Controller\Component\AuthComponent->identify()
#13 [internal function]: App\Controller\UsersController->login()
#14 C:\wamp\www\pizzeria\vendor\cakephp\cakephp\src\Controller\Controller.php(429): call_user_func_array(Array, Array)
#15 C:\wamp\www\pizzeria\vendor\cakephp\cakephp\src\Routing\Dispatcher.php(114): Cake\Controller\Controller->invokeAction()
#16 C:\wamp\www\pizzeria\vendor\cakephp\cakephp\src\Routing\Dispatcher.php(87): Cake\Routing\Dispatcher->_invoke(Object(App\Controller\UsersController))
#17 C:\wamp\www\pizzeria\webroot\index.php(37): Cake\Routing\Dispatcher->dispatch(Object(Cake\Network\Request), Object(Cake\Network\Response))
#18 {main}


2015-11-06 19:43:23 Error: [PDOException] SQLSTATE[42S22]: Column not found: 1054 Champ 'Users.email' inconnu dans where clause
Request URL: /pizzeria/users/login
Stack Trace:
#0 C:\wamp\www\pizzeria\vendor\cakephp\cakephp\src\Database\Statement\MysqlStatement.php(36): PDOStatement->execute(NULL)
#1 C:\wamp\www\pizzeria\vendor\cakephp\cakephp\src\Database\Statement\StatementDecorator.php(171): Cake\Database\Statement\MysqlStatement->execute(NULL)
#2 C:\wamp\www\pizzeria\vendor\cakephp\cakephp\src\Database\Log\LoggingStatement.php(56): Cake\Database\Statement\StatementDecorator->execute(NULL)
#3 C:\wamp\www\pizzeria\vendor\cakephp\cakephp\src\Database\Connection.php(270): Cake\Database\Log\LoggingStatement->execute()
#4 C:\wamp\www\pizzeria\vendor\cakephp\cakephp\src\Database\Query.php(174): Cake\Database\Connection->run(Object(Cake\ORM\Query))
#5 C:\wamp\www\pizzeria\vendor\cakephp\cakephp\src\ORM\Query.php(847): Cake\Database\Query->execute()
#6 C:\wamp\www\pizzeria\vendor\cakephp\cakephp\src\Datasource\QueryTrait.php(272): Cake\ORM\Query->_execute()
#7 C:\wamp\www\pizzeria\vendor\cakephp\cakephp\src\ORM\Query.php(798): Cake\ORM\Query->_all()
#8 C:\wamp\www\pizzeria\vendor\cakephp\cakephp\src\Datasource\QueryTrait.php(395): Cake\ORM\Query->all()
#9 C:\wamp\www\pizzeria\vendor\cakephp\cakephp\src\Auth\BaseAuthenticate.php(105): Cake\ORM\Query->first()
#10 C:\wamp\www\pizzeria\vendor\cakephp\cakephp\src\Auth\FormAuthenticate.php(77): Cake\Auth\BaseAuthenticate->_findUser('admin@admin', '12345')
#11 C:\wamp\www\pizzeria\vendor\cakephp\cakephp\src\Controller\Component\AuthComponent.php(764): Cake\Auth\FormAuthenticate->authenticate(Object(Cake\Network\Request), Object(Cake\Network\Response))
#12 C:\wamp\www\pizzeria\src\Controller\UsersController.php(17): Cake\Controller\Component\AuthComponent->identify()
#13 [internal function]: App\Controller\UsersController->login()
#14 C:\wamp\www\pizzeria\vendor\cakephp\cakephp\src\Controller\Controller.php(429): call_user_func_array(Array, Array)
#15 C:\wamp\www\pizzeria\vendor\cakephp\cakephp\src\Routing\Dispatcher.php(114): Cake\Controller\Controller->invokeAction()
#16 C:\wamp\www\pizzeria\vendor\cakephp\cakephp\src\Routing\Dispatcher.php(87): Cake\Routing\Dispatcher->_invoke(Object(App\Controller\UsersController))
#17 C:\wamp\www\pizzeria\webroot\index.php(37): Cake\Routing\Dispatcher->dispatch(Object(Cake\Network\Request), Object(Cake\Network\Response))
#18 {main}


2015-11-06 19:45:32 Error: [PDOException] SQLSTATE[42S22]: Column not found: 1054 Champ 'Users.email' inconnu dans where clause
Request URL: /pizzeria/users/login
Stack Trace:
#0 C:\wamp\www\pizzeria\vendor\cakephp\cakephp\src\Database\Statement\MysqlStatement.php(36): PDOStatement->execute(NULL)
#1 C:\wamp\www\pizzeria\vendor\cakephp\cakephp\src\Database\Statement\StatementDecorator.php(171): Cake\Database\Statement\MysqlStatement->execute(NULL)
#2 C:\wamp\www\pizzeria\vendor\cakephp\cakephp\src\Database\Log\LoggingStatement.php(56): Cake\Database\Statement\StatementDecorator->execute(NULL)
#3 C:\wamp\www\pizzeria\vendor\cakephp\cakephp\src\Database\Connection.php(270): Cake\Database\Log\LoggingStatement->execute()
#4 C:\wamp\www\pizzeria\vendor\cakephp\cakephp\src\Database\Query.php(174): Cake\Database\Connection->run(Object(Cake\ORM\Query))
#5 C:\wamp\www\pizzeria\vendor\cakephp\cakephp\src\ORM\Query.php(847): Cake\Database\Query->execute()
#6 C:\wamp\www\pizzeria\vendor\cakephp\cakephp\src\Datasource\QueryTrait.php(272): Cake\ORM\Query->_execute()
#7 C:\wamp\www\pizzeria\vendor\cakephp\cakephp\src\ORM\Query.php(798): Cake\ORM\Query->_all()
#8 C:\wamp\www\pizzeria\vendor\cakephp\cakephp\src\Datasource\QueryTrait.php(395): Cake\ORM\Query->all()
#9 C:\wamp\www\pizzeria\vendor\cakephp\cakephp\src\Auth\BaseAuthenticate.php(105): Cake\ORM\Query->first()
#10 C:\wamp\www\pizzeria\vendor\cakephp\cakephp\src\Auth\FormAuthenticate.php(77): Cake\Auth\BaseAuthenticate->_findUser('admin@admin', '12345')
#11 C:\wamp\www\pizzeria\vendor\cakephp\cakephp\src\Controller\Component\AuthComponent.php(764): Cake\Auth\FormAuthenticate->authenticate(Object(Cake\Network\Request), Object(Cake\Network\Response))
#12 C:\wamp\www\pizzeria\src\Controller\UsersController.php(17): Cake\Controller\Component\AuthComponent->identify()
#13 [internal function]: App\Controller\UsersController->login()
#14 C:\wamp\www\pizzeria\vendor\cakephp\cakephp\src\Controller\Controller.php(429): call_user_func_array(Array, Array)
#15 C:\wamp\www\pizzeria\vendor\cakephp\cakephp\src\Routing\Dispatcher.php(114): Cake\Controller\Controller->invokeAction()
#16 C:\wamp\www\pizzeria\vendor\cakephp\cakephp\src\Routing\Dispatcher.php(87): Cake\Routing\Dispatcher->_invoke(Object(App\Controller\UsersController))
#17 C:\wamp\www\pizzeria\webroot\index.php(37): Cake\Routing\Dispatcher->dispatch(Object(Cake\Network\Request), Object(Cake\Network\Response))
#18 {main}


2015-11-06 19:45:50 Error: [PDOException] SQLSTATE[42S22]: Column not found: 1054 Champ 'Users.email' inconnu dans where clause
Request URL: /pizzeria/users/login
Stack Trace:
#0 C:\wamp\www\pizzeria\vendor\cakephp\cakephp\src\Database\Statement\MysqlStatement.php(36): PDOStatement->execute(NULL)
#1 C:\wamp\www\pizzeria\vendor\cakephp\cakephp\src\Database\Statement\StatementDecorator.php(171): Cake\Database\Statement\MysqlStatement->execute(NULL)
#2 C:\wamp\www\pizzeria\vendor\cakephp\cakephp\src\Database\Log\LoggingStatement.php(56): Cake\Database\Statement\StatementDecorator->execute(NULL)
#3 C:\wamp\www\pizzeria\vendor\cakephp\cakephp\src\Database\Connection.php(270): Cake\Database\Log\LoggingStatement->execute()
#4 C:\wamp\www\pizzeria\vendor\cakephp\cakephp\src\Database\Query.php(174): Cake\Database\Connection->run(Object(Cake\ORM\Query))
#5 C:\wamp\www\pizzeria\vendor\cakephp\cakephp\src\ORM\Query.php(847): Cake\Database\Query->execute()
#6 C:\wamp\www\pizzeria\vendor\cakephp\cakephp\src\Datasource\QueryTrait.php(272): Cake\ORM\Query->_execute()
#7 C:\wamp\www\pizzeria\vendor\cakephp\cakephp\src\ORM\Query.php(798): Cake\ORM\Query->_all()
#8 C:\wamp\www\pizzeria\vendor\cakephp\cakephp\src\Datasource\QueryTrait.php(395): Cake\ORM\Query->all()
#9 C:\wamp\www\pizzeria\vendor\cakephp\cakephp\src\Auth\BaseAuthenticate.php(105): Cake\ORM\Query->first()
#10 C:\wamp\www\pizzeria\vendor\cakephp\cakephp\src\Auth\FormAuthenticate.php(77): Cake\Auth\BaseAuthenticate->_findUser('admin@admin', '12345')
#11 C:\wamp\www\pizzeria\vendor\cakephp\cakephp\src\Controller\Component\AuthComponent.php(764): Cake\Auth\FormAuthenticate->authenticate(Object(Cake\Network\Request), Object(Cake\Network\Response))
#12 C:\wamp\www\pizzeria\src\Controller\UsersController.php(17): Cake\Controller\Component\AuthComponent->identify()
#13 [internal function]: App\Controller\UsersController->login()
#14 C:\wamp\www\pizzeria\vendor\cakephp\cakephp\src\Controller\Controller.php(429): call_user_func_array(Array, Array)
#15 C:\wamp\www\pizzeria\vendor\cakephp\cakephp\src\Routing\Dispatcher.php(114): Cake\Controller\Controller->invokeAction()
#16 C:\wamp\www\pizzeria\vendor\cakephp\cakephp\src\Routing\Dispatcher.php(87): Cake\Routing\Dispatcher->_invoke(Object(App\Controller\UsersController))
#17 C:\wamp\www\pizzeria\webroot\index.php(37): Cake\Routing\Dispatcher->dispatch(Object(Cake\Network\Request), Object(Cake\Network\Response))
#18 {main}


